<?xml version="1.0" encoding="UTF-8"?>
<testng-results skipped="0" failed="0" total="0" passed="0">
  <reporter-output>
  </reporter-output>
  <suite name="steps.RunWikipediaTest" duration-ms="362" started-at="2019-11-18T23:20:06Z" finished-at="2019-11-18T23:20:06Z">
    <groups>
      <group name="cucumber">
        <method signature="AbstractTestNGCucumberTests.feature(cucumber.api.testng.CucumberFeatureWrapper)[pri:0, instance:steps.RunWikipediaTest@6b2fad11]" name="feature" class="cucumber.api.testng.AbstractTestNGCucumberTests"/>
      </group> <!-- cucumber -->
    </groups>
    <test name="Command line test" duration-ms="362" started-at="2019-11-18T23:20:06Z" finished-at="2019-11-18T23:20:06Z">
      <class name="steps.RunWikipediaTest">
        <test-method status="PASS" signature="setUpClass()[pri:0, instance:steps.RunWikipediaTest@6b2fad11]" name="setUpClass" is-config="true" duration-ms="283" started-at="2019-11-18T18:20:06Z" finished-at="2019-11-18T18:20:06Z">
          <reporter-output>
          </reporter-output>
        </test-method> <!-- setUpClass -->
        <test-method status="PASS" signature="tearDownClass()[pri:0, instance:steps.RunWikipediaTest@6b2fad11]" name="tearDownClass" is-config="true" duration-ms="45" started-at="2019-11-18T18:20:06Z" finished-at="2019-11-18T18:20:06Z">
          <reporter-output>
          </reporter-output>
        </test-method> <!-- tearDownClass -->
      </class> <!-- steps.RunWikipediaTest -->
    </test> <!-- Command line test -->
  </suite> <!-- steps.RunWikipediaTest -->
</testng-results>
