<?xml version="1.0" encoding="UTF-8"?>
<testng-results skipped="0" failed="0" total="2" passed="2">
  <reporter-output>
  </reporter-output>
  <suite name="steps.RunWikipediaTest" duration-ms="8931" started-at="2019-02-28T20:24:29Z" finished-at="2019-02-28T20:24:38Z">
    <groups>
      <group name="cucumber">
        <method signature="AbstractTestNGCucumberTests.feature(cucumber.api.testng.CucumberFeatureWrapper)[pri:0, instance:steps.RunWikipediaTest@6a024a67]" name="feature" class="cucumber.api.testng.AbstractTestNGCucumberTests"/>
      </group> <!-- cucumber -->
    </groups>
    <test name="Command line test" duration-ms="8931" started-at="2019-02-28T20:24:29Z" finished-at="2019-02-28T20:24:38Z">
      <class name="steps.RunWikipediaTest">
        <test-method status="PASS" signature="setUpClass()[pri:0, instance:steps.RunWikipediaTest@6a024a67]" name="setUpClass" is-config="true" duration-ms="142" started-at="2019-02-28T15:24:29Z" finished-at="2019-02-28T15:24:29Z">
          <reporter-output>
          </reporter-output>
        </test-method> <!-- setUpClass -->
        <test-method status="PASS" signature="feature(cucumber.api.testng.CucumberFeatureWrapper)[pri:0, instance:steps.RunWikipediaTest@6a024a67]" name="feature" duration-ms="4394" started-at="2019-02-28T15:24:29Z" description="Runs Cucumber Feature" data-provider="features" finished-at="2019-02-28T15:24:33Z">
          <params>
            <param index="0">
              <value>
                <![CDATA[Search Wikipedia]]>
              </value>
            </param>
          </params>
          <reporter-output>
          </reporter-output>
        </test-method> <!-- feature -->
        <test-method status="PASS" signature="feature(cucumber.api.testng.CucumberFeatureWrapper)[pri:0, instance:steps.RunWikipediaTest@6a024a67]" name="feature" duration-ms="4310" started-at="2019-02-28T15:24:33Z" description="Runs Cucumber Feature" data-provider="features" finished-at="2019-02-28T15:24:38Z">
          <params>
            <param index="0">
              <value>
                <![CDATA[Search Google]]>
              </value>
            </param>
          </params>
          <reporter-output>
          </reporter-output>
        </test-method> <!-- feature -->
        <test-method status="PASS" signature="tearDownClass()[pri:0, instance:steps.RunWikipediaTest@6a024a67]" name="tearDownClass" is-config="true" duration-ms="4" started-at="2019-02-28T15:24:38Z" finished-at="2019-02-28T15:24:38Z">
          <reporter-output>
          </reporter-output>
        </test-method> <!-- tearDownClass -->
      </class> <!-- steps.RunWikipediaTest -->
    </test> <!-- Command line test -->
  </suite> <!-- steps.RunWikipediaTest -->
</testng-results>
